ci-scripts/build/intermediates/manifest_merge_blame_file/debug/manifest-merger-blame-debug-report.txt
1<?xml version="1.0" encoding="utf-8"?>
2<manifest xmlns:android="http://schemas.android.com/apk/res/android"
3    package="ru.skillbranch.kotlinexample"
4    android:versionCode="1"
5    android:versionName="1.0" >
6
7    <uses-sdk
8        android:minSdkVersion="23"
8-->src/main/AndroidManifest.xml
9        android:targetSdkVersion="29" />
9-->src/main/AndroidManifest.xml
10
11    <application
11-->[androidx.core:core:1.2.0] AndroidManifest.xml:24:5-89
12        android:appComponentFactory="androidx.core.app.CoreComponentFactory"
12-->[androidx.core:core:1.2.0] AndroidManifest.xml:24:18-86
13        android:debuggable="true"
14        android:extractNativeLibs="false" />
15
16</manifest>